<?xml version="1.0" encoding="UTF-8"?>
<!-- Generated by org.testng.reporters.JUnitReportReporter -->
<testsuite hostname="Josephs-MacBook-Pro-3.local" failures="0" tests="1" name="theInternet.tests.DisappearingElements" time="2.631" errors="0" timestamp="10 Dec 2020 05:35:12 GMT" skipped="0">
  <testcase classname="theInternet.tests.DisappearingElements" name="disappearingElement" time="2.631"/>
</testsuite> <!-- theInternet.tests.DisappearingElements -->
