<?xml version="1.0" encoding="UTF-8"?>
<!-- Generated by org.testng.reporters.JUnitReportReporter -->
<testsuite hostname="Josephs-MacBook-Pro-3.local" failures="0" tests="1" name="theInternet.tests.BasicAuth" time="1.493" errors="0" timestamp="09 Dec 2020 22:42:18 GMT" skipped="0">
  <testcase classname="theInternet.tests.BasicAuth" name="basicAuth" time="1.493"/>
</testsuite> <!-- theInternet.tests.BasicAuth -->
