<?xml version="1.0" encoding="UTF-8"?>
<!-- Generated by org.testng.reporters.JUnitReportReporter -->
<testsuite hostname="Josephs-MacBook-Pro-3.local" failures="0" tests="1" name="theInternet.tests.Main" time="2.157" errors="0" timestamp="10 Dec 2020 03:32:11 GMT" skipped="0">
  <testcase classname="theInternet.tests.Main" name="main" time="2.157"/>
</testsuite> <!-- theInternet.tests.Main -->
