<?xml version="1.0" encoding="UTF-8"?>
<!-- Generated by org.testng.reporters.JUnitReportReporter -->
<testsuite hostname="Josephs-MacBook-Pro-3.local" failures="0" tests="1" name="theInternet.tests.ContextMenu" time="2.152" errors="0" timestamp="10 Dec 2020 04:34:14 GMT" skipped="0">
  <testcase classname="theInternet.tests.ContextMenu" name="contextMenu" time="2.152"/>
</testsuite> <!-- theInternet.tests.ContextMenu -->
