<?xml version="1.0" encoding="UTF-8"?>
<!-- Generated by org.testng.reporters.JUnitReportReporter -->
<testsuite hostname="Josephs-MacBook-Pro-3.local" failures="0" tests="1" name="theInternet.tests.BasicAuth" time="1.834" errors="0" timestamp="10 Dec 2020 03:35:28 GMT" skipped="0">
  <testcase classname="theInternet.tests.BasicAuth" name="basicAuth" time="1.834"/>
</testsuite> <!-- theInternet.tests.BasicAuth -->
