<?xml version="1.0" encoding="UTF-8"?>
<!-- Generated by org.testng.reporters.JUnitReportReporter -->
<testsuite hostname="Josephs-MacBook-Pro-3.local" failures="0" tests="1" name="theInternet.tests.ChallengingDom" time="2.205" errors="0" timestamp="09 Dec 2020 23:20:00 GMT" skipped="0">
  <testcase classname="theInternet.tests.ChallengingDom" name="challengingDom" time="2.205"/>
</testsuite> <!-- theInternet.tests.ChallengingDom -->
