<?xml version="1.0" encoding="UTF-8"?>
<!-- Generated by org.testng.reporters.JUnitReportReporter -->
<testsuite hostname="Josephs-MacBook-Pro-3.local" failures="0" tests="1" name="theInternet.tests.CheckBox" time="1.772" errors="0" timestamp="10 Dec 2020 03:55:20 GMT" skipped="0">
  <testcase classname="theInternet.tests.CheckBox" name="checkBox" time="1.772"/>
</testsuite> <!-- theInternet.tests.CheckBox -->
