<?xml version="1.0" encoding="UTF-8"?>
<!-- Generated by org.testng.reporters.JUnitReportReporter -->
<testsuite hostname="Josephs-MacBook-Pro-3.local" failures="0" tests="1" name="theInternet.tests.Main" time="1.638" errors="0" timestamp="03 Dec 2020 06:07:12 GMT" skipped="0">
  <testcase classname="theInternet.tests.Main" name="main" time="1.638"/>
</testsuite> <!-- theInternet.tests.Main -->
