<?xml version="1.0" encoding="UTF-8"?>
<!-- Generated by org.testng.reporters.JUnitReportReporter -->
<testsuite hostname="Josephs-MacBook-Pro-3.local" failures="0" tests="1" name="theInternet.tests.AddRemove" time="5.336" errors="0" timestamp="09 Dec 2020 22:18:42 GMT" skipped="0">
  <testcase classname="theInternet.tests.AddRemove" name="addRemove" time="5.336"/>
</testsuite> <!-- theInternet.tests.AddRemove -->
